\BOOKMARK [1][-]{section.1}{\376\377\000S\000u\000m\000m\000a\000r\000y\000\040\000o\000f\000\040\000G\000i\000l\000b\000e\000r\000t\000\040\000S\000t\000r\000a\000n\000g\000'\000s\000\040\000v\000i\000d\000e\000o}{}% 1
\BOOKMARK [1][-]{section.2}{\376\377\000I\000n\000t\000r\000o\000d\000u\000c\000t\000i\000o\000n}{}% 2
\BOOKMARK [1][-]{section.3}{\376\377\000A\000l\000g\000o\000r\000i\000t\000h\000m\000\040\000I\000m\000p\000l\000e\000m\000e\000n\000t\000a\000t\000i\000o\000n}{}% 3
\BOOKMARK [2][-]{subsection.3.1}{\376\377\000R\000a\000n\000d\000o\000m\000i\000z\000e\000d\000\040\000S\000V\000D\000\040\000\050\000r\000S\000V\000D\000\051}{section.3}% 4
\BOOKMARK [3][-]{subsubsection.3.1.1}{\376\377\000M\000a\000t\000h\000e\000m\000a\000t\000i\000c\000a\000l\000\040\000F\000o\000r\000m\000u\000l\000a\000t\000i\000o\000n}{subsection.3.1}% 5
\BOOKMARK [2][-]{subsection.3.2}{\376\377\000P\000s\000e\000u\000d\000o\000c\000o\000d\000e\000\040\000f\000o\000r\000\040\000r\000S\000V\000D}{section.3}% 6
\BOOKMARK [2][-]{subsection.3.3}{\376\377\000O\000n\000e\000-\000S\000i\000d\000e\000d\000\040\000J\000a\000c\000o\000b\000i\000\040\000S\000V\000D}{section.3}% 7
\BOOKMARK [3][-]{subsubsection.3.3.1}{\376\377\000M\000a\000t\000h\000e\000m\000a\000t\000i\000c\000a\000l\000\040\000F\000o\000r\000m\000u\000l\000a\000t\000i\000o\000n}{subsection.3.3}% 8
\BOOKMARK [3][-]{subsubsection.3.3.2}{\376\377\000P\000s\000e\000u\000d\000o\000c\000o\000d\000e\000\040\000f\000o\000r\000\040\000J\000a\000c\000o\000b\000i\000\040\000S\000V\000D}{subsection.3.3}% 9
\BOOKMARK [1][-]{section.4}{\376\377\000R\000e\000s\000u\000l\000t\000s\000\040\000a\000n\000d\000\040\000A\000n\000a\000l\000y\000s\000i\000s}{}% 10
\BOOKMARK [2][-]{subsection.4.1}{\376\377\000E\000i\000n\000s\000t\000e\000i\000n\000\040\000I\000m\000a\000g\000e}{section.4}% 11
\BOOKMARK [2][-]{subsection.4.2}{\376\377\000G\000l\000o\000b\000e\000\040\000I\000m\000a\000g\000e}{section.4}% 12
\BOOKMARK [2][-]{subsection.4.3}{\376\377\000G\000r\000e\000y\000\040\000S\000c\000a\000l\000e\000\040\000I\000m\000a\000g\000e}{section.4}% 13
\BOOKMARK [2][-]{subsection.4.4}{\376\377\000G\000l\000o\000b\000e\000\040\000I\000m\000a\000g\000e}{section.4}% 14
\BOOKMARK [2][-]{subsection.4.5}{\376\377\000E\000i\000n\000s\000t\000e\000i\000n\000\040\000I\000m\000a\000g\000e\000\040\000-\000\040\000U\000s\000i\000n\000g\000\040\000O\000n\000l\000y\000\040\000O\000n\000e\000\040\000S\000i\000d\000e\000\040\000J\000a\000c\000o\000b\000i\000\040\000A\000l\000g\000o\000r\000i\000t\000h\000m\000\040}{section.4}% 15
\BOOKMARK [2][-]{subsection.4.6}{\376\377\000C\000o\000l\000o\000u\000r\000e\000d\000\040\000I\000m\000a\000g\000e\000\040\000T\000o\000\040\000G\000r\000e\000y\000\040\000S\000c\000a\000l\000e}{section.4}% 16
\BOOKMARK [2][-]{subsection.4.7}{\376\377\000E\000r\000r\000o\000r\000\040\000A\000n\000a\000l\000y\000s\000i\000s}{section.4}% 17
\BOOKMARK [1][-]{section.5}{\376\377\000C\000h\000o\000i\000c\000e\000\040\000o\000f\000\040\000A\000l\000g\000o\000r\000i\000t\000h\000m}{}% 18
\BOOKMARK [2][-]{subsubsection.5.0.1}{\376\377\000B\000i\000g\000-\000O\000\040\000S\000u\000m\000m\000a\000r\000y}{section.5}% 19
\BOOKMARK [1][-]{section.6}{\376\377\000D\000i\000s\000c\000u\000s\000s\000i\000o\000n\000\040\000a\000n\000d\000\040\000T\000r\000a\000d\000e\000-\000o\000f\000f\000s}{}% 20
\BOOKMARK [1][-]{section.7}{\376\377\000C\000o\000n\000c\000l\000u\000s\000i\000o\000n}{}% 21
\BOOKMARK [1][-]{section.8}{\376\377\000R\000e\000f\000e\000r\000e\000n\000c\000e\000s}{}% 22
